
LocalStack version: 1.3.1.dev
LocalStack build date: 2022-12-08
LocalStack build git hash: a70fd271

Error starting infrastructure: gave up waiting for edge server on 0.0.0.0:4566 Traceback (most recent call last):
  File "/opt/code/localstack/localstack/services/infra.py", line 421, in start_infra
    thread = do_start_infra(asynchronous, apis, is_in_docker)
  File "/opt/code/localstack/localstack/services/infra.py", line 514, in do_start_infra
    thread = start_runtime_components()
  File "/opt/code/localstack/localstack/utils/bootstrap.py", line 77, in wrapped
    return f(*args, **kwargs)
  File "/opt/code/localstack/localstack/services/infra.py", line 507, in start_runtime_components
    raise TimeoutError(
TimeoutError: gave up waiting for edge server on 0.0.0.0:4566


LocalStack version: 1.3.1.dev
LocalStack build date: 2022-12-08
LocalStack build git hash: a70fd271

Error starting infrastructure: gave up waiting for edge server on 0.0.0.0:4566 Traceback (most recent call last):
  File "/opt/code/localstack/localstack/services/infra.py", line 421, in start_infra
    thread = do_start_infra(asynchronous, apis, is_in_docker)
  File "/opt/code/localstack/localstack/services/infra.py", line 514, in do_start_infra
    thread = start_runtime_components()
  File "/opt/code/localstack/localstack/utils/bootstrap.py", line 77, in wrapped
    return f(*args, **kwargs)
  File "/opt/code/localstack/localstack/services/infra.py", line 507, in start_runtime_components
    raise TimeoutError(
TimeoutError: gave up waiting for edge server on 0.0.0.0:4566


LocalStack version: 1.3.1.dev
LocalStack build date: 2022-12-08
LocalStack build git hash: a70fd271

Error starting infrastructure: gave up waiting for edge server on 0.0.0.0:4566 Traceback (most recent call last):
  File "/opt/code/localstack/localstack/services/infra.py", line 421, in start_infra
    thread = do_start_infra(asynchronous, apis, is_in_docker)
  File "/opt/code/localstack/localstack/services/infra.py", line 514, in do_start_infra
    thread = start_runtime_components()
  File "/opt/code/localstack/localstack/utils/bootstrap.py", line 77, in wrapped
    return f(*args, **kwargs)
  File "/opt/code/localstack/localstack/services/infra.py", line 507, in start_runtime_components
    raise TimeoutError(
TimeoutError: gave up waiting for edge server on 0.0.0.0:4566


LocalStack version: 1.3.1.dev
LocalStack build date: 2022-12-08
LocalStack build git hash: a70fd271

Error starting infrastructure: gave up waiting for edge server on 0.0.0.0:4566 Traceback (most recent call last):
  File "/opt/code/localstack/localstack/services/infra.py", line 421, in start_infra
    thread = do_start_infra(asynchronous, apis, is_in_docker)
  File "/opt/code/localstack/localstack/services/infra.py", line 514, in do_start_infra
    thread = start_runtime_components()
  File "/opt/code/localstack/localstack/utils/bootstrap.py", line 77, in wrapped
    return f(*args, **kwargs)
  File "/opt/code/localstack/localstack/services/infra.py", line 507, in start_runtime_components
    raise TimeoutError(
TimeoutError: gave up waiting for edge server on 0.0.0.0:4566


LocalStack version: 1.3.1.dev
LocalStack build date: 2022-12-08
LocalStack build git hash: a70fd271

Error starting infrastructure: gave up waiting for edge server on 0.0.0.0:4566 Traceback (most recent call last):
  File "/opt/code/localstack/localstack/services/infra.py", line 421, in start_infra
    thread = do_start_infra(asynchronous, apis, is_in_docker)
  File "/opt/code/localstack/localstack/services/infra.py", line 514, in do_start_infra
    thread = start_runtime_components()
  File "/opt/code/localstack/localstack/utils/bootstrap.py", line 77, in wrapped
    return f(*args, **kwargs)
  File "/opt/code/localstack/localstack/services/infra.py", line 507, in start_runtime_components
    raise TimeoutError(
TimeoutError: gave up waiting for edge server on 0.0.0.0:4566


LocalStack version: 1.3.1.dev
LocalStack build date: 2022-12-08
LocalStack build git hash: a70fd271

Error starting infrastructure: gave up waiting for edge server on 0.0.0.0:4566 Traceback (most recent call last):
  File "/opt/code/localstack/localstack/services/infra.py", line 421, in start_infra
    thread = do_start_infra(asynchronous, apis, is_in_docker)
  File "/opt/code/localstack/localstack/services/infra.py", line 514, in do_start_infra
    thread = start_runtime_components()
  File "/opt/code/localstack/localstack/utils/bootstrap.py", line 77, in wrapped
    return f(*args, **kwargs)
  File "/opt/code/localstack/localstack/services/infra.py", line 507, in start_runtime_components
    raise TimeoutError(
TimeoutError: gave up waiting for edge server on 0.0.0.0:4566


LocalStack version: 1.3.1.dev
LocalStack build date: 2022-12-08
LocalStack build git hash: a70fd271

Error starting infrastructure: gave up waiting for edge server on 0.0.0.0:4566 Traceback (most recent call last):
  File "/opt/code/localstack/localstack/services/infra.py", line 421, in start_infra
    thread = do_start_infra(asynchronous, apis, is_in_docker)
  File "/opt/code/localstack/localstack/services/infra.py", line 514, in do_start_infra
    thread = start_runtime_components()
  File "/opt/code/localstack/localstack/utils/bootstrap.py", line 77, in wrapped
    return f(*args, **kwargs)
  File "/opt/code/localstack/localstack/services/infra.py", line 507, in start_runtime_components
    raise TimeoutError(
TimeoutError: gave up waiting for edge server on 0.0.0.0:4566


LocalStack version: 1.3.1.dev
LocalStack build date: 2022-12-08
LocalStack build git hash: a70fd271

Error starting infrastructure: gave up waiting for edge server on 0.0.0.0:4566 Traceback (most recent call last):
  File "/opt/code/localstack/localstack/services/infra.py", line 421, in start_infra
    thread = do_start_infra(asynchronous, apis, is_in_docker)
  File "/opt/code/localstack/localstack/services/infra.py", line 514, in do_start_infra
    thread = start_runtime_components()
  File "/opt/code/localstack/localstack/utils/bootstrap.py", line 77, in wrapped
    return f(*args, **kwargs)
  File "/opt/code/localstack/localstack/services/infra.py", line 507, in start_runtime_components
    raise TimeoutError(
TimeoutError: gave up waiting for edge server on 0.0.0.0:4566


LocalStack version: 1.3.1.dev
LocalStack build date: 2022-12-08
LocalStack build git hash: a70fd271

Error starting infrastructure: gave up waiting for edge server on 0.0.0.0:4566 Traceback (most recent call last):
  File "/opt/code/localstack/localstack/services/infra.py", line 421, in start_infra
    thread = do_start_infra(asynchronous, apis, is_in_docker)
  File "/opt/code/localstack/localstack/services/infra.py", line 514, in do_start_infra
    thread = start_runtime_components()
  File "/opt/code/localstack/localstack/utils/bootstrap.py", line 77, in wrapped
    return f(*args, **kwargs)
  File "/opt/code/localstack/localstack/services/infra.py", line 507, in start_runtime_components
    raise TimeoutError(
TimeoutError: gave up waiting for edge server on 0.0.0.0:4566


LocalStack version: 1.3.1.dev
LocalStack build date: 2022-12-08
LocalStack build git hash: a70fd271

Error starting infrastructure: gave up waiting for edge server on 0.0.0.0:4566 Traceback (most recent call last):
  File "/opt/code/localstack/localstack/services/infra.py", line 421, in start_infra
    thread = do_start_infra(asynchronous, apis, is_in_docker)
  File "/opt/code/localstack/localstack/services/infra.py", line 514, in do_start_infra
    thread = start_runtime_components()
  File "/opt/code/localstack/localstack/utils/bootstrap.py", line 77, in wrapped
    return f(*args, **kwargs)
  File "/opt/code/localstack/localstack/services/infra.py", line 507, in start_runtime_components
    raise TimeoutError(
TimeoutError: gave up waiting for edge server on 0.0.0.0:4566


LocalStack version: 1.3.1.dev
LocalStack build date: 2022-12-08
LocalStack build git hash: a70fd271

Error starting infrastructure: gave up waiting for edge server on 0.0.0.0:4566 Traceback (most recent call last):
  File "/opt/code/localstack/localstack/services/infra.py", line 421, in start_infra
    thread = do_start_infra(asynchronous, apis, is_in_docker)
  File "/opt/code/localstack/localstack/services/infra.py", line 514, in do_start_infra
    thread = start_runtime_components()
  File "/opt/code/localstack/localstack/utils/bootstrap.py", line 77, in wrapped
    return f(*args, **kwargs)
  File "/opt/code/localstack/localstack/services/infra.py", line 507, in start_runtime_components
    raise TimeoutError(
TimeoutError: gave up waiting for edge server on 0.0.0.0:4566


LocalStack version: 1.3.1.dev
LocalStack build date: 2022-12-08
LocalStack build git hash: a70fd271

Error starting infrastructure: gave up waiting for edge server on 0.0.0.0:4566 Traceback (most recent call last):
  File "/opt/code/localstack/localstack/services/infra.py", line 421, in start_infra
    thread = do_start_infra(asynchronous, apis, is_in_docker)
  File "/opt/code/localstack/localstack/services/infra.py", line 514, in do_start_infra
    thread = start_runtime_components()
  File "/opt/code/localstack/localstack/utils/bootstrap.py", line 77, in wrapped
    return f(*args, **kwargs)
  File "/opt/code/localstack/localstack/services/infra.py", line 507, in start_runtime_components
    raise TimeoutError(
TimeoutError: gave up waiting for edge server on 0.0.0.0:4566


LocalStack version: 1.3.1.dev
LocalStack build date: 2022-12-08
LocalStack build git hash: a70fd271

Error starting infrastructure: gave up waiting for edge server on 0.0.0.0:4566 Traceback (most recent call last):
  File "/opt/code/localstack/localstack/services/infra.py", line 421, in start_infra
    thread = do_start_infra(asynchronous, apis, is_in_docker)
  File "/opt/code/localstack/localstack/services/infra.py", line 514, in do_start_infra
    thread = start_runtime_components()
  File "/opt/code/localstack/localstack/utils/bootstrap.py", line 77, in wrapped
    return f(*args, **kwargs)
  File "/opt/code/localstack/localstack/services/infra.py", line 507, in start_runtime_components
    raise TimeoutError(
TimeoutError: gave up waiting for edge server on 0.0.0.0:4566


LocalStack version: 1.3.1.dev
LocalStack build date: 2022-12-08
LocalStack build git hash: a70fd271

Error starting infrastructure: gave up waiting for edge server on 0.0.0.0:4566 Traceback (most recent call last):
  File "/opt/code/localstack/localstack/services/infra.py", line 421, in start_infra
    thread = do_start_infra(asynchronous, apis, is_in_docker)
  File "/opt/code/localstack/localstack/services/infra.py", line 514, in do_start_infra
    thread = start_runtime_components()
  File "/opt/code/localstack/localstack/utils/bootstrap.py", line 77, in wrapped
    return f(*args, **kwargs)
  File "/opt/code/localstack/localstack/services/infra.py", line 507, in start_runtime_components
    raise TimeoutError(
TimeoutError: gave up waiting for edge server on 0.0.0.0:4566


LocalStack version: 1.3.1.dev
LocalStack build date: 2022-12-08
LocalStack build git hash: a70fd271

Error starting infrastructure: gave up waiting for edge server on 0.0.0.0:4566 Traceback (most recent call last):
  File "/opt/code/localstack/localstack/services/infra.py", line 421, in start_infra
    thread = do_start_infra(asynchronous, apis, is_in_docker)
  File "/opt/code/localstack/localstack/services/infra.py", line 514, in do_start_infra
    thread = start_runtime_components()
  File "/opt/code/localstack/localstack/utils/bootstrap.py", line 77, in wrapped
    return f(*args, **kwargs)
  File "/opt/code/localstack/localstack/services/infra.py", line 507, in start_runtime_components
    raise TimeoutError(
TimeoutError: gave up waiting for edge server on 0.0.0.0:4566


LocalStack version: 1.3.1.dev
LocalStack build date: 2022-12-08
LocalStack build git hash: a70fd271

