SERVICES variable is ignored if EAGER_SERVICE_LOADING=0.
Persistence mode was activated using the DATA_DIR variable. DATA_DIR is deprecated and its value is ignored. The data is instead stored into /var/lib/localstack/state in the LocalStack volume.
2022-12-29T13:38:56.860 DEBUG --- [  MainThread] stevedore.extension        : found extension EntryPoint(name='_patch_botocore_json_parser', value='localstack.aws.client:_patch_botocore_json_parser', group='localstack.hooks.on_infra_start')
2022-12-29T13:38:56.867 DEBUG --- [  MainThread] stevedore.extension        : found extension EntryPoint(name='_run_init_scripts_on_start', value='localstack.runtime.init:_run_init_scripts_on_start', group='localstack.hooks.on_infra_start')
2022-12-29T13:38:56.872 DEBUG --- [  MainThread] stevedore.extension        : found extension EntryPoint(name='deprecation_warnings', value='localstack.plugins:deprecation_warnings', group='localstack.hooks.on_infra_start')
2022-12-29T13:38:56.874 DEBUG --- [  MainThread] stevedore.extension        : found extension EntryPoint(name='register_partition_adjusting_proxy_listener', value='localstack.plugins:register_partition_adjusting_proxy_listener', group='localstack.hooks.on_infra_start')
2022-12-29T13:38:56.874 DEBUG --- [  MainThread] stevedore.extension        : found extension EntryPoint(name='add_aws_request_logger', value='localstack_ext.analytics.plugins:add_aws_request_logger', group='localstack.hooks.on_infra_start')
2022-12-29T13:38:56.876 DEBUG --- [  MainThread] stevedore.extension        : found extension EntryPoint(name='add_custom_edge_routes', value='localstack_ext.plugins:add_custom_edge_routes', group='localstack.hooks.on_infra_start')
2022-12-29T13:38:56.886 DEBUG --- [  MainThread] stevedore.extension        : found extension EntryPoint(name='add_iam_enforcement_listener', value='localstack_ext.services.iam.plugins:add_iam_enforcement_listener', group='localstack.hooks.on_infra_start')
2022-12-29T13:38:56.889 DEBUG --- [  MainThread] stevedore.extension        : found extension EntryPoint(name='add_legacy_iam_enforcement_listener', value='localstack_ext.services.iam.plugins:add_legacy_iam_enforcement_listener', group='localstack.hooks.on_infra_start')
2022-12-29T13:38:56.889 DEBUG --- [  MainThread] stevedore.extension        : found extension EntryPoint(name='deprecation_warnings_pro', value='localstack_ext.plugins:deprecation_warnings_pro', group='localstack.hooks.on_infra_start')
2022-12-29T13:38:56.889 DEBUG --- [  MainThread] stevedore.extension        : found extension EntryPoint(name='extensions_on_infra_start', value='localstack_ext.extensions.plugins:extensions_on_infra_start', group='localstack.hooks.on_infra_start')
2022-12-29T13:38:56.891 DEBUG --- [  MainThread] stevedore.extension        : found extension EntryPoint(name='init_stackinfo_handler', value='localstack_ext.services.internal.stackinfo.plugins:init_stackinfo_handler', group='localstack.hooks.on_infra_start')
2022-12-29T13:38:56.896 DEBUG --- [  MainThread] stevedore.extension        : found extension EntryPoint(name='register_public_pods_api', value='localstack_ext.persistence.plugins:register_public_pods_api', group='localstack.hooks.on_infra_start')
2022-12-29T13:38:56.897 DEBUG --- [  MainThread] stevedore.extension        : found extension EntryPoint(name='register_restricted_pods_api', value='localstack_ext.persistence.plugins:register_restricted_pods_api', group='localstack.hooks.on_infra_start')
2022-12-29T13:38:56.898 DEBUG --- [  MainThread] stevedore.extension        : found extension EntryPoint(name='register_state_serializer_handlers', value='localstack_ext.persistence.plugins:register_state_serializer_handlers', group='localstack.hooks.on_infra_start')
2022-12-29T13:38:56.898 DEBUG --- [  MainThread] stevedore.extension        : found extension EntryPoint(name='setup_pro_infra', value='localstack_ext.plugins:setup_pro_infra', group='localstack.hooks.on_infra_start')
2022-12-29T13:38:56.898 DEBUG --- [  MainThread] plugin.manager             : instantiating plugin PluginSpec(localstack.hooks.on_infra_start._patch_botocore_json_parser = <function _patch_botocore_json_parser at 0x7f78c3f70940>)
2022-12-29T13:38:56.899 DEBUG --- [  MainThread] plugin.manager             : loading plugin localstack.hooks.on_infra_start:_patch_botocore_json_parser
2022-12-29T13:38:56.899 DEBUG --- [  MainThread] plugin.manager             : instantiating plugin PluginSpec(localstack.hooks.on_infra_start._run_init_scripts_on_start = <function _run_init_scripts_on_start at 0x7f78c3f71750>)
2022-12-29T13:38:56.899 DEBUG --- [  MainThread] plugin.manager             : loading plugin localstack.hooks.on_infra_start:_run_init_scripts_on_start
2022-12-29T13:38:56.899 DEBUG --- [  MainThread] plugin.manager             : instantiating plugin PluginSpec(localstack.hooks.on_infra_start.deprecation_warnings = <function deprecation_warnings at 0x7f78c3f71f30>)
2022-12-29T13:38:56.899 DEBUG --- [  MainThread] plugin.manager             : loading plugin localstack.hooks.on_infra_start:deprecation_warnings
2022-12-29T13:38:56.899 DEBUG --- [  MainThread] plugin.manager             : instantiating plugin PluginSpec(localstack.hooks.on_infra_start.register_partition_adjusting_proxy_listener = <function register_partition_adjusting_proxy_listener at 0x7f78c3f71e10>)
2022-12-29T13:38:56.899 DEBUG --- [  MainThread] plugin.manager             : plugin localstack.hooks.on_infra_start:register_partition_adjusting_proxy_listener is disabled
2022-12-29T13:38:56.900 DEBUG --- [  MainThread] plugin.manager             : instantiating plugin PluginSpec(localstack.hooks.on_infra_start.add_aws_request_logger = <function add_aws_request_logger at 0x7f78c3f72200>)
2022-12-29T13:38:56.900 DEBUG --- [  MainThread] plugin.manager             : plugin localstack.hooks.on_infra_start:add_aws_request_logger is disabled
2022-12-29T13:38:56.900 DEBUG --- [  MainThread] plugin.manager             : instantiating plugin PluginSpec(localstack.hooks.on_infra_start.add_custom_edge_routes = <function add_custom_edge_routes at 0x7f78c3f99ab0>)
2022-12-29T13:38:56.900 DEBUG --- [  MainThread] plugin.manager             : plugin localstack.hooks.on_infra_start:add_custom_edge_routes is disabled
2022-12-29T13:38:56.900 DEBUG --- [  MainThread] plugin.manager             : instantiating plugin PluginSpec(localstack.hooks.on_infra_start.add_iam_enforcement_listener = <function add_iam_enforcement_listener at 0x7f78c3f9aa70>)
2022-12-29T13:38:56.900 DEBUG --- [  MainThread] plugin.manager             : plugin localstack.hooks.on_infra_start:add_iam_enforcement_listener is disabled
2022-12-29T13:38:56.900 DEBUG --- [  MainThread] plugin.manager             : instantiating plugin PluginSpec(localstack.hooks.on_infra_start.add_legacy_iam_enforcement_listener = <function add_legacy_iam_enforcement_listener at 0x7f78c3f9a8c0>)
2022-12-29T13:38:56.900 DEBUG --- [  MainThread] plugin.manager             : plugin localstack.hooks.on_infra_start:add_legacy_iam_enforcement_listener is disabled
2022-12-29T13:38:56.900 DEBUG --- [  MainThread] plugin.manager             : instantiating plugin PluginSpec(localstack.hooks.on_infra_start.deprecation_warnings_pro = <function deprecation_warnings_pro at 0x7f78c3f9a3b0>)
2022-12-29T13:38:56.900 DEBUG --- [  MainThread] plugin.manager             : loading plugin localstack.hooks.on_infra_start:deprecation_warnings_pro
2022-12-29T13:38:56.900 DEBUG --- [  MainThread] plugin.manager             : instantiating plugin PluginSpec(localstack.hooks.on_infra_start.extensions_on_infra_start = <function extensions_on_infra_start at 0x7f78c3f9add0>)
2022-12-29T13:38:56.900 DEBUG --- [  MainThread] plugin.manager             : plugin localstack.hooks.on_infra_start:extensions_on_infra_start is disabled
2022-12-29T13:38:56.900 DEBUG --- [  MainThread] plugin.manager             : instantiating plugin PluginSpec(localstack.hooks.on_infra_start.init_stackinfo_handler = <function init_stackinfo_handler at 0x7f78c3f9b2e0>)
2022-12-29T13:38:56.900 DEBUG --- [  MainThread] plugin.manager             : plugin localstack.hooks.on_infra_start:init_stackinfo_handler is disabled
2022-12-29T13:38:56.900 DEBUG --- [  MainThread] plugin.manager             : instantiating plugin PluginSpec(localstack.hooks.on_infra_start.register_public_pods_api = <function register_public_pods_api at 0x7f78c3f9b760>)
2022-12-29T13:38:56.900 DEBUG --- [  MainThread] plugin.manager             : loading plugin localstack.hooks.on_infra_start:register_public_pods_api
2022-12-29T13:38:56.900 DEBUG --- [  MainThread] plugin.manager             : instantiating plugin PluginSpec(localstack.hooks.on_infra_start.register_restricted_pods_api = <function register_restricted_pods_api at 0x7f78c3f9b640>)
2022-12-29T13:38:56.901 DEBUG --- [  MainThread] plugin.manager             : plugin localstack.hooks.on_infra_start:register_restricted_pods_api is disabled
2022-12-29T13:38:56.901 DEBUG --- [  MainThread] plugin.manager             : instantiating plugin PluginSpec(localstack.hooks.on_infra_start.register_state_serializer_handlers = <function register_state_serializer_handlers at 0x7f78c3f9b880>)
2022-12-29T13:38:56.901 DEBUG --- [  MainThread] plugin.manager             : plugin localstack.hooks.on_infra_start:register_state_serializer_handlers is disabled
2022-12-29T13:38:56.901 DEBUG --- [  MainThread] plugin.manager             : instantiating plugin PluginSpec(localstack.hooks.on_infra_start.setup_pro_infra = <function setup_pro_infra at 0x7f78c3f9a050>)
2022-12-29T13:38:56.901 DEBUG --- [  MainThread] plugin.manager             : plugin localstack.hooks.on_infra_start:setup_pro_infra is disabled
2022-12-29T13:38:56.903 DEBUG --- [  MainThread] localstack.runtime.init    : Init scripts discovered: {BOOT: [], START: [], READY: [], SHUTDOWN: []}
2022-12-29T13:38:56.904 DEBUG --- [  MainThread] localstack.plugins         : Checking for the usage of deprecated community features and configs...
2022-12-29T13:38:56.905  WARN --- [  MainThread] localstack.deprecations    : PORT_WEB_UI is deprecated (since 0.12.8) and will be removed in upcoming releases of LocalStack! PORT_WEB_UI has been removed, and is not available anymore. Please remove this environment variable.
2022-12-29T13:38:56.906  WARN --- [  MainThread] localstack.deprecations    : DEFAULT_REGION is deprecated (since 0.12.7) and will be removed in upcoming releases of LocalStack! LocalStack now has full multi-region support. Please remove this environment variable.
2022-12-29T13:38:56.910  WARN --- [  MainThread] localstack.deprecations    : DATA_DIR is deprecated (since 1.0.0) and will be removed in upcoming releases of LocalStack! Please use PERSISTENCE instead. The state will be stored in your LocalStack volume in the state/ directory.
2022-12-29T13:38:57.080 DEBUG --- [  MainThread] l.a.p.service_router       : building service catalog index cache file /var/lib/localstack/cache/service-catalog-1_3_1_dev-1_27_96.pickle
2022-12-29T13:39:00.447 DEBUG --- [  MainThread] localstack.utils.threads   : start_thread called without providing a custom name
2022-12-29T13:39:00.564  WARN --- [-functhread4] l.services.internal        : Enabling diagnose endpoint, please be aware that this can expose sensitive information via your network.
2022-12-29T13:39:00.629 DEBUG --- [-functhread4] l.bootstrap.install        : Attempting to download local SSL certificate file
2022-12-29T13:39:01.430 DEBUG --- [-functhread4] localstack.utils.http      : Starting download from https://github.com/localstack/localstack-artifacts/raw/master/local-certs/server.key to /var/lib/localstack/cache/server.test.pem (5243 bytes)
2022-12-29T13:39:01.485 DEBUG --- [-functhread4] localstack.utils.http      : Done downloading https://github.com/localstack/localstack-artifacts/raw/master/local-certs/server.key, response code 200, total bytes 7738
2022-12-29T13:39:01.542  WARN --- [-functhread5] hypercorn.error            : ASGI Framework Lifespan error, continuing without Lifespan support
2022-12-29T13:39:01.542  WARN --- [-functhread5] hypercorn.error            : ASGI Framework Lifespan error, continuing without Lifespan support
2022-12-29T13:39:01.557  INFO --- [-functhread5] hypercorn.error            : Running on https://0.0.0.0:4566 (CTRL + C to quit)
2022-12-29T13:39:01.557  INFO --- [-functhread5] hypercorn.error            : Running on https://0.0.0.0:4566 (CTRL + C to quit)
2022-12-29T13:39:01.662  INFO --- [  MainThread] localstack.utils.bootstrap : Execution of "start_runtime_components" took 1215.42ms
2022-12-29T13:39:01.664 DEBUG --- [  MainThread] stevedore.extension        : found extension EntryPoint(name='acm:default', value='localstack.services.providers:acm', group='localstack.aws.provider')
2022-12-29T13:39:01.676 DEBUG --- [  MainThread] stevedore.extension        : found extension EntryPoint(name='apigateway:default', value='localstack.services.providers:apigateway', group='localstack.aws.provider')
2022-12-29T13:39:01.676 DEBUG --- [  MainThread] stevedore.extension        : found extension EntryPoint(name='cloudformation:default', value='localstack.services.providers:cloudformation', group='localstack.aws.provider')
2022-12-29T13:39:01.676 DEBUG --- [  MainThread] stevedore.extension        : found extension EntryPoint(name='cloudwatch:default', value='localstack.services.providers:cloudwatch', group='localstack.aws.provider')
2022-12-29T13:39:01.676 DEBUG --- [  MainThread] stevedore.extension        : found extension EntryPoint(name='config:default', value='localstack.services.providers:awsconfig', group='localstack.aws.provider')
2022-12-29T13:39:01.676 DEBUG --- [  MainThread] stevedore.extension        : found extension EntryPoint(name='dynamodb:default', value='localstack.services.providers:dynamodb', group='localstack.aws.provider')
2022-12-29T13:39:01.677 DEBUG --- [  MainThread] stevedore.extension        : found extension EntryPoint(name='dynamodbstreams:default', value='localstack.services.providers:dynamodbstreams', group='localstack.aws.provider')
2022-12-29T13:39:01.677 DEBUG --- [  MainThread] stevedore.extension        : found extension EntryPoint(name='ec2:default', value='localstack.services.providers:ec2', group='localstack.aws.provider')
2022-12-29T13:39:01.677 DEBUG --- [  MainThread] stevedore.extension        : found extension EntryPoint(name='es:default', value='localstack.services.providers:es', group='localstack.aws.provider')
2022-12-29T13:39:01.677 DEBUG --- [  MainThread] stevedore.extension        : found extension EntryPoint(name='events:default', value='localstack.services.providers:events', group='localstack.aws.provider')
2022-12-29T13:39:01.678 DEBUG --- [  MainThread] stevedore.extension        : found extension EntryPoint(name='firehose:default', value='localstack.services.providers:firehose', group='localstack.aws.provider')
2022-12-29T13:39:01.678 DEBUG --- [  MainThread] stevedore.extension        : found extension EntryPoint(name='iam:default', value='localstack.services.providers:iam', group='localstack.aws.provider')
2022-12-29T13:39:01.678 DEBUG --- [  MainThread] stevedore.extension        : found extension EntryPoint(name='kinesis:default', value='localstack.services.providers:kinesis', group='localstack.aws.provider')
2022-12-29T13:39:01.678 DEBUG --- [  MainThread] stevedore.extension        : found extension EntryPoint(name='kms:default', value='localstack.services.providers:kms', group='localstack.aws.provider')
2022-12-29T13:39:01.679 DEBUG --- [  MainThread] stevedore.extension        : found extension EntryPoint(name='lambda:asf', value='localstack.services.providers:awslambda_asf', group='localstack.aws.provider')
2022-12-29T13:39:01.679 DEBUG --- [  MainThread] stevedore.extension        : found extension EntryPoint(name='lambda:default', value='localstack.services.providers:awslambda', group='localstack.aws.provider')
2022-12-29T13:39:01.679 DEBUG --- [  MainThread] stevedore.extension        : found extension EntryPoint(name='logs:default', value='localstack.services.providers:logs', group='localstack.aws.provider')
2022-12-29T13:39:01.679 DEBUG --- [  MainThread] stevedore.extension        : found extension EntryPoint(name='opensearch:default', value='localstack.services.providers:opensearch', group='localstack.aws.provider')
2022-12-29T13:39:01.679 DEBUG --- [  MainThread] stevedore.extension        : found extension EntryPoint(name='redshift:default', value='localstack.services.providers:redshift', group='localstack.aws.provider')
2022-12-29T13:39:01.679 DEBUG --- [  MainThread] stevedore.extension        : found extension EntryPoint(name='resource-groups:default', value='localstack.services.providers:resource_groups', group='localstack.aws.provider')
2022-12-29T13:39:01.679 DEBUG --- [  MainThread] stevedore.extension        : found extension EntryPoint(name='resourcegroupstaggingapi:default', value='localstack.services.providers:resourcegroupstaggingapi', group='localstack.aws.provider')
2022-12-29T13:39:01.679 DEBUG --- [  MainThread] stevedore.extension        : found extension EntryPoint(name='route53:default', value='localstack.services.providers:route53', group='localstack.aws.provider')
2022-12-29T13:39:01.680 DEBUG --- [  MainThread] stevedore.extension        : found extension EntryPoint(name='route53resolver:default', value='localstack.services.providers:route53resolver', group='localstack.aws.provider')
2022-12-29T13:39:01.680 DEBUG --- [  MainThread] stevedore.extension        : found extension EntryPoint(name='s3:asf', value='localstack.services.providers:s3_asf', group='localstack.aws.provider')
2022-12-29T13:39:01.680 DEBUG --- [  MainThread] stevedore.extension        : found extension EntryPoint(name='s3:default', value='localstack.services.providers:s3', group='localstack.aws.provider')
2022-12-29T13:39:01.680 DEBUG --- [  MainThread] stevedore.extension        : found extension EntryPoint(name='s3control:default', value='localstack.services.providers:s3control', group='localstack.aws.provider')
2022-12-29T13:39:01.680 DEBUG --- [  MainThread] stevedore.extension        : found extension EntryPoint(name='secretsmanager:default', value='localstack.services.providers:secretsmanager', group='localstack.aws.provider')
2022-12-29T13:39:01.680 DEBUG --- [  MainThread] stevedore.extension        : found extension EntryPoint(name='ses:default', value='localstack.services.providers:ses', group='localstack.aws.provider')
2022-12-29T13:39:01.680 DEBUG --- [  MainThread] stevedore.extension        : found extension EntryPoint(name='sns:default', value='localstack.services.providers:sns', group='localstack.aws.provider')
2022-12-29T13:39:01.680 DEBUG --- [  MainThread] stevedore.extension        : found extension EntryPoint(name='sqs:default', value='localstack.services.providers:sqs', group='localstack.aws.provider')
2022-12-29T13:39:01.680 DEBUG --- [  MainThread] stevedore.extension        : found extension EntryPoint(name='ssm:default', value='localstack.services.providers:ssm', group='localstack.aws.provider')
2022-12-29T13:39:01.681 DEBUG --- [  MainThread] stevedore.extension        : found extension EntryPoint(name='stepfunctions:default', value='localstack.services.providers:stepfunctions', group='localstack.aws.provider')
2022-12-29T13:39:01.681 DEBUG --- [  MainThread] stevedore.extension        : found extension EntryPoint(name='sts:default', value='localstack.services.providers:sts', group='localstack.aws.provider')
2022-12-29T13:39:01.682 DEBUG --- [  MainThread] stevedore.extension        : found extension EntryPoint(name='support:default', value='localstack.services.providers:support', group='localstack.aws.provider')
2022-12-29T13:39:01.683 DEBUG --- [  MainThread] stevedore.extension        : found extension EntryPoint(name='swf:default', value='localstack.services.providers:swf', group='localstack.aws.provider')
2022-12-29T13:39:01.684 DEBUG --- [  MainThread] stevedore.extension        : found extension EntryPoint(name='transcribe:default', value='localstack.services.providers:transcribe', group='localstack.aws.provider')
2022-12-29T13:39:01.684 DEBUG --- [  MainThread] stevedore.extension        : found extension EntryPoint(name='acm:pro', value='localstack_ext.providers:acm', group='localstack.aws.provider')
2022-12-29T13:39:01.691 DEBUG --- [  MainThread] stevedore.extension        : found extension EntryPoint(name='amplify:pro', value='localstack_ext.providers:amplify', group='localstack.aws.provider')
2022-12-29T13:39:01.692 DEBUG --- [  MainThread] stevedore.extension        : found extension EntryPoint(name='apigateway:pro', value='localstack_ext.providers:apigateway', group='localstack.aws.provider')
2022-12-29T13:39:01.692 DEBUG --- [  MainThread] stevedore.extension        : found extension EntryPoint(name='apigatewaymanagementapi:pro', value='localstack_ext.providers:apigatewaymanagementapi', group='localstack.aws.provider')
2022-12-29T13:39:01.692 DEBUG --- [  MainThread] stevedore.extension        : found extension EntryPoint(name='apigatewayv2:pro', value='localstack_ext.providers:apigatewayv2', group='localstack.aws.provider')
2022-12-29T13:39:01.693 DEBUG --- [  MainThread] stevedore.extension        : found extension EntryPoint(name='appconfig:pro', value='localstack_ext.providers:appconfig', group='localstack.aws.provider')
2022-12-29T13:39:01.693 DEBUG --- [  MainThread] stevedore.extension        : found extension EntryPoint(name='application-autoscaling:pro', value='localstack_ext.providers:application_autoscaling', group='localstack.aws.provider')
2022-12-29T13:39:01.693 DEBUG --- [  MainThread] stevedore.extension        : found extension EntryPoint(name='appsync:pro', value='localstack_ext.providers:appsync', group='localstack.aws.provider')
2022-12-29T13:39:01.694 DEBUG --- [  MainThread] stevedore.extension        : found extension EntryPoint(name='athena:pro', value='localstack_ext.providers:athena', group='localstack.aws.provider')
2022-12-29T13:39:01.694 DEBUG --- [  MainThread] stevedore.extension        : found extension EntryPoint(name='autoscaling:pro', value='localstack_ext.providers:autoscaling', group='localstack.aws.provider')
2022-12-29T13:39:01.694 DEBUG --- [  MainThread] stevedore.extension        : found extension EntryPoint(name='azure:pro', value='localstack_ext.providers:azure', group='localstack.aws.provider')
2022-12-29T13:39:01.694 DEBUG --- [  MainThread] stevedore.extension        : found extension EntryPoint(name='backup:pro', value='localstack_ext.providers:backup', group='localstack.aws.provider')
2022-12-29T13:39:01.694 DEBUG --- [  MainThread] stevedore.extension        : found extension EntryPoint(name='batch:pro', value='localstack_ext.providers:batch', group='localstack.aws.provider')
2022-12-29T13:39:01.694 DEBUG --- [  MainThread] stevedore.extension        : found extension EntryPoint(name='ce:pro', value='localstack_ext.providers:ce', group='localstack.aws.provider')
2022-12-29T13:39:01.695 DEBUG --- [  MainThread] stevedore.extension        : found extension EntryPoint(name='cloudformation:pro', value='localstack_ext.providers:cloudformation', group='localstack.aws.provider')
2022-12-29T13:39:01.695 DEBUG --- [  MainThread] stevedore.extension        : found extension EntryPoint(name='cloudfront:pro', value='localstack_ext.providers:cloudfront', group='localstack.aws.provider')
2022-12-29T13:39:01.695 DEBUG --- [  MainThread] stevedore.extension        : found extension EntryPoint(name='cloudtrail:pro', value='localstack_ext.providers:cloudtrail', group='localstack.aws.provider')
2022-12-29T13:39:01.695 DEBUG --- [  MainThread] stevedore.extension        : found extension EntryPoint(name='cloudwatch:pro', value='localstack_ext.providers:cloudwatch', group='localstack.aws.provider')
2022-12-29T13:39:01.695 DEBUG --- [  MainThread] stevedore.extension        : found extension EntryPoint(name='codecommit:pro', value='localstack_ext.providers:codecommit', group='localstack.aws.provider')
2022-12-29T13:39:01.696 DEBUG --- [  MainThread] stevedore.extension        : found extension EntryPoint(name='cognito-identity:pro', value='localstack_ext.providers:cognito_identity', group='localstack.aws.provider')
2022-12-29T13:39:01.696 DEBUG --- [  MainThread] stevedore.extension        : found extension EntryPoint(name='cognito-idp:pro', value='localstack_ext.providers:cognito_idp', group='localstack.aws.provider')
2022-12-29T13:39:01.696 DEBUG --- [  MainThread] stevedore.extension        : found extension EntryPoint(name='docdb:pro', value='localstack_ext.providers:docdb', group='localstack.aws.provider')
2022-12-29T13:39:01.696 DEBUG --- [  MainThread] stevedore.extension        : found extension EntryPoint(name='dynamodb:pro', value='localstack_ext.providers:dynamodb', group='localstack.aws.provider')
2022-12-29T13:39:01.696 DEBUG --- [  MainThread] stevedore.extension        : found extension EntryPoint(name='dynamodbstreams:pro', value='localstack_ext.providers:dynamodbstreams', group='localstack.aws.provider')
2022-12-29T13:39:01.697 DEBUG --- [  MainThread] stevedore.extension        : found extension EntryPoint(name='ec2:pro', value='localstack_ext.providers:ec2', group='localstack.aws.provider')
2022-12-29T13:39:01.700 DEBUG --- [  MainThread] stevedore.extension        : found extension EntryPoint(name='ecr:pro', value='localstack_ext.providers:ecr', group='localstack.aws.provider')
2022-12-29T13:39:01.701 DEBUG --- [  MainThread] stevedore.extension        : found extension EntryPoint(name='ecs:pro', value='localstack_ext.providers:ecs', group='localstack.aws.provider')
2022-12-29T13:39:01.702 DEBUG --- [  MainThread] stevedore.extension        : found extension EntryPoint(name='efs:pro', value='localstack_ext.providers:efs', group='localstack.aws.provider')
2022-12-29T13:39:01.702 DEBUG --- [  MainThread] stevedore.extension        : found extension EntryPoint(name='eks:mock', value='localstack_ext.providers:eks_mock', group='localstack.aws.provider')
2022-12-29T13:39:01.703 DEBUG --- [  MainThread] stevedore.extension        : found extension EntryPoint(name='eks:pro', value='localstack_ext.providers:eks', group='localstack.aws.provider')
2022-12-29T13:39:01.704 DEBUG --- [  MainThread] stevedore.extension        : found extension EntryPoint(name='elasticache:pro', value='localstack_ext.providers:elasticache', group='localstack.aws.provider')
2022-12-29T13:39:01.705 DEBUG --- [  MainThread] stevedore.extension        : found extension EntryPoint(name='elasticbeanstalk:pro', value='localstack_ext.providers:elasticbeanstalk', group='localstack.aws.provider')
2022-12-29T13:39:01.705 DEBUG --- [  MainThread] stevedore.extension        : found extension EntryPoint(name='elb:pro', value='localstack_ext.providers:elb', group='localstack.aws.provider')
2022-12-29T13:39:01.706 DEBUG --- [  MainThread] stevedore.extension        : found extension EntryPoint(name='elbv2:pro', value='localstack_ext.providers:elbv2', group='localstack.aws.provider')
2022-12-29T13:39:01.706 DEBUG --- [  MainThread] stevedore.extension        : found extension EntryPoint(name='emr:pro', value='localstack_ext.providers:emr', group='localstack.aws.provider')
2022-12-29T13:39:01.706 DEBUG --- [  MainThread] stevedore.extension        : found extension EntryPoint(name='events:pro', value='localstack_ext.providers:events', group='localstack.aws.provider')
2022-12-29T13:39:01.707 DEBUG --- [  MainThread] stevedore.extension        : found extension EntryPoint(name='fis:pro', value='localstack_ext.providers:fis', group='localstack.aws.provider')
2022-12-29T13:39:01.707 DEBUG --- [  MainThread] stevedore.extension        : found extension EntryPoint(name='glacier:pro', value='localstack_ext.providers:glacier', group='localstack.aws.provider')
2022-12-29T13:39:01.707 DEBUG --- [  MainThread] stevedore.extension        : found extension EntryPoint(name='glue:pro', value='localstack_ext.providers:glue', group='localstack.aws.provider')
2022-12-29T13:39:01.708 DEBUG --- [  MainThread] stevedore.extension        : found extension EntryPoint(name='iam:pro', value='localstack_ext.providers:iam', group='localstack.aws.provider')
2022-12-29T13:39:01.708 DEBUG --- [  MainThread] stevedore.extension        : found extension EntryPoint(name='iot-data:pro', value='localstack_ext.providers:iot_data', group='localstack.aws.provider')
2022-12-29T13:39:01.708 DEBUG --- [  MainThread] stevedore.extension        : found extension EntryPoint(name='iot:pro', value='localstack_ext.providers:iot', group='localstack.aws.provider')
2022-12-29T13:39:01.708 DEBUG --- [  MainThread] stevedore.extension        : found extension EntryPoint(name='iotanalytics:pro', value='localstack_ext.providers:iotanalytics', group='localstack.aws.provider')
2022-12-29T13:39:01.709 DEBUG --- [  MainThread] stevedore.extension        : found extension EntryPoint(name='iotwireless:pro', value='localstack_ext.providers:iotwireless', group='localstack.aws.provider')
2022-12-29T13:39:01.709 DEBUG --- [  MainThread] stevedore.extension        : found extension EntryPoint(name='kafka:pro', value='localstack_ext.providers:kafka', group='localstack.aws.provider')
2022-12-29T13:39:01.709 DEBUG --- [  MainThread] stevedore.extension        : found extension EntryPoint(name='kinesis:pro', value='localstack_ext.providers:kinesis', group='localstack.aws.provider')
2022-12-29T13:39:01.709 DEBUG --- [  MainThread] stevedore.extension        : found extension EntryPoint(name='kinesisanalytics:pro', value='localstack_ext.providers:kinesisanalytics', group='localstack.aws.provider')
2022-12-29T13:39:01.709 DEBUG --- [  MainThread] stevedore.extension        : found extension EntryPoint(name='kinesisanalyticsv2:pro', value='localstack_ext.providers:kinesisanalyticsv2', group='localstack.aws.provider')
2022-12-29T13:39:01.709 DEBUG --- [  MainThread] stevedore.extension        : found extension EntryPoint(name='kms:pro', value='localstack_ext.providers:kms', group='localstack.aws.provider')
2022-12-29T13:39:01.709 DEBUG --- [  MainThread] stevedore.extension        : found extension EntryPoint(name='lakeformation:pro', value='localstack_ext.providers:lakeformation', group='localstack.aws.provider')
2022-12-29T13:39:01.710 DEBUG --- [  MainThread] stevedore.extension        : found extension EntryPoint(name='lambda:pro', value='localstack_ext.providers:awslambda', group='localstack.aws.provider')
2022-12-29T13:39:01.710 DEBUG --- [  MainThread] stevedore.extension        : found extension EntryPoint(name='logs:pro', value='localstack_ext.providers:logs', group='localstack.aws.provider')
2022-12-29T13:39:01.710 DEBUG --- [  MainThread] stevedore.extension        : found extension EntryPoint(name='mediastore-data:pro', value='localstack_ext.providers:mediastore_data', group='localstack.aws.provider')
2022-12-29T13:39:01.710 DEBUG --- [  MainThread] stevedore.extension        : found extension EntryPoint(name='mediastore:pro', value='localstack_ext.providers:mediastore', group='localstack.aws.provider')
2022-12-29T13:39:01.710 DEBUG --- [  MainThread] stevedore.extension        : found extension EntryPoint(name='mq:pro', value='localstack_ext.providers:mq', group='localstack.aws.provider')
2022-12-29T13:39:01.710 DEBUG --- [  MainThread] stevedore.extension        : found extension EntryPoint(name='mwaa:pro', value='localstack_ext.providers:mwaa', group='localstack.aws.provider')
2022-12-29T13:39:01.710 DEBUG --- [  MainThread] stevedore.extension        : found extension EntryPoint(name='neptune:pro', value='localstack_ext.providers:neptune', group='localstack.aws.provider')
2022-12-29T13:39:01.710 DEBUG --- [  MainThread] stevedore.extension        : found extension EntryPoint(name='opensearch:pro', value='localstack_ext.providers:opensearch', group='localstack.aws.provider')
2022-12-29T13:39:01.711 DEBUG --- [  MainThread] stevedore.extension        : found extension EntryPoint(name='organizations:pro', value='localstack_ext.providers:organizations', group='localstack.aws.provider')
2022-12-29T13:39:01.711 DEBUG --- [  MainThread] stevedore.extension        : found extension EntryPoint(name='qldb-session:pro', value='localstack_ext.providers:qldb_session', group='localstack.aws.provider')
2022-12-29T13:39:01.711 DEBUG --- [  MainThread] stevedore.extension        : found extension EntryPoint(name='qldb:pro', value='localstack_ext.providers:qldb', group='localstack.aws.provider')
2022-12-29T13:39:01.711 DEBUG --- [  MainThread] stevedore.extension        : found extension EntryPoint(name='rds-data:pro', value='localstack_ext.providers:rds_data', group='localstack.aws.provider')
2022-12-29T13:39:01.711 DEBUG --- [  MainThread] stevedore.extension        : found extension EntryPoint(name='rds:pro', value='localstack_ext.providers:rds', group='localstack.aws.provider')
2022-12-29T13:39:01.712 DEBUG --- [  MainThread] stevedore.extension        : found extension EntryPoint(name='redshift-data:pro', value='localstack_ext.providers:redshift_data', group='localstack.aws.provider')
2022-12-29T13:39:01.712 DEBUG --- [  MainThread] stevedore.extension        : found extension EntryPoint(name='redshift:pro', value='localstack_ext.providers:redshift', group='localstack.aws.provider')
2022-12-29T13:39:01.712 DEBUG --- [  MainThread] stevedore.extension        : found extension EntryPoint(name='route53:pro', value='localstack_ext.providers:route53', group='localstack.aws.provider')
2022-12-29T13:39:01.712 DEBUG --- [  MainThread] stevedore.extension        : found extension EntryPoint(name='s3:asf_pro', value='localstack_ext.providers:s3_asf', group='localstack.aws.provider')
2022-12-29T13:39:01.713 DEBUG --- [  MainThread] stevedore.extension        : found extension EntryPoint(name='s3:pro', value='localstack_ext.providers:s3', group='localstack.aws.provider')
2022-12-29T13:39:01.713 DEBUG --- [  MainThread] stevedore.extension        : found extension EntryPoint(name='sagemaker-runtime:pro', value='localstack_ext.providers:sagemaker_runtime', group='localstack.aws.provider')
2022-12-29T13:39:01.715 DEBUG --- [  MainThread] stevedore.extension        : found extension EntryPoint(name='sagemaker:pro', value='localstack_ext.providers:sagemaker', group='localstack.aws.provider')
2022-12-29T13:39:01.716 DEBUG --- [  MainThread] stevedore.extension        : found extension EntryPoint(name='secretsmanager:pro', value='localstack_ext.providers:secretsmanager', group='localstack.aws.provider')
2022-12-29T13:39:01.717 DEBUG --- [  MainThread] stevedore.extension        : found extension EntryPoint(name='serverlessrepo:pro', value='localstack_ext.providers:serverlessrepo', group='localstack.aws.provider')
2022-12-29T13:39:01.717 DEBUG --- [  MainThread] stevedore.extension        : found extension EntryPoint(name='servicediscovery:pro', value='localstack_ext.providers:servicediscovery', group='localstack.aws.provider')
2022-12-29T13:39:01.718 DEBUG --- [  MainThread] stevedore.extension        : found extension EntryPoint(name='ses:pro', value='localstack_ext.providers:ses', group='localstack.aws.provider')
2022-12-29T13:39:01.719 DEBUG --- [  MainThread] stevedore.extension        : found extension EntryPoint(name='sesv2:pro', value='localstack_ext.providers:sesv2', group='localstack.aws.provider')
2022-12-29T13:39:01.719 DEBUG --- [  MainThread] stevedore.extension        : found extension EntryPoint(name='sns:pro', value='localstack_ext.providers:sns', group='localstack.aws.provider')
2022-12-29T13:39:01.720 DEBUG --- [  MainThread] stevedore.extension        : found extension EntryPoint(name='sqs:pro', value='localstack_ext.providers:sqs', group='localstack.aws.provider')
2022-12-29T13:39:01.722 DEBUG --- [  MainThread] stevedore.extension        : found extension EntryPoint(name='ssm:pro', value='localstack_ext.providers:ssm', group='localstack.aws.provider')
2022-12-29T13:39:01.723 DEBUG --- [  MainThread] stevedore.extension        : found extension EntryPoint(name='stepfunctions:pro', value='localstack_ext.providers:stepfunctions', group='localstack.aws.provider')
2022-12-29T13:39:01.723 DEBUG --- [  MainThread] stevedore.extension        : found extension EntryPoint(name='sts:pro', value='localstack_ext.providers:sts', group='localstack.aws.provider')
2022-12-29T13:39:01.724 DEBUG --- [  MainThread] stevedore.extension        : found extension EntryPoint(name='timestream-query:pro', value='localstack_ext.providers:timestream_query', group='localstack.aws.provider')
2022-12-29T13:39:01.724 DEBUG --- [  MainThread] stevedore.extension        : found extension EntryPoint(name='timestream-write:pro', value='localstack_ext.providers:timestream_write', group='localstack.aws.provider')
2022-12-29T13:39:01.724 DEBUG --- [  MainThread] stevedore.extension        : found extension EntryPoint(name='transfer:pro', value='localstack_ext.providers:transfer', group='localstack.aws.provider')
2022-12-29T13:39:01.725 DEBUG --- [  MainThread] stevedore.extension        : found extension EntryPoint(name='xray:pro', value='localstack_ext.providers:xray', group='localstack.aws.provider')
2022-12-29T13:39:01.726 DEBUG --- [  MainThread] l.utils.persistence        : saving startup info StartupInfo(timestamp='2022-12-29T13:39:01.726501', localstack_version='1.3.1.dev', localstack_ext_version='1.3.1.dev20221208144948', pro_activated=False)
2022-12-29T13:39:01.752 DEBUG --- [  MainThread] stevedore.extension        : found extension EntryPoint(name='_run_init_scripts_on_ready', value='localstack.runtime.init:_run_init_scripts_on_ready', group='localstack.hooks.on_infra_ready')
2022-12-29T13:39:01.752 DEBUG --- [  MainThread] stevedore.extension        : found extension EntryPoint(name='register_virtual_host_routes', value='localstack.services.s3.virtual_host:register_virtual_host_routes', group='localstack.hooks.on_infra_ready')
2022-12-29T13:39:01.796 DEBUG --- [  MainThread] stevedore.extension        : found extension EntryPoint(name='extensions_on_infra_ready', value='localstack_ext.extensions.plugins:extensions_on_infra_ready', group='localstack.hooks.on_infra_ready')
2022-12-29T13:39:01.796 DEBUG --- [  MainThread] stevedore.extension        : found extension EntryPoint(name='initialize_health_info', value='localstack_ext.plugins:initialize_health_info', group='localstack.hooks.on_infra_ready')
2022-12-29T13:39:01.797 DEBUG --- [  MainThread] plugin.manager             : instantiating plugin PluginSpec(localstack.hooks.on_infra_ready._run_init_scripts_on_ready = <function _run_init_scripts_on_ready at 0x7f78c3f71870>)
2022-12-29T13:39:01.797 DEBUG --- [  MainThread] plugin.manager             : loading plugin localstack.hooks.on_infra_ready:_run_init_scripts_on_ready
2022-12-29T13:39:01.797 DEBUG --- [  MainThread] plugin.manager             : instantiating plugin PluginSpec(localstack.hooks.on_infra_ready.register_virtual_host_routes = <function register_virtual_host_routes at 0x7f78a810b910>)
2022-12-29T13:39:01.797 DEBUG --- [  MainThread] plugin.manager             : plugin localstack.hooks.on_infra_ready:register_virtual_host_routes is disabled
2022-12-29T13:39:01.797 DEBUG --- [  MainThread] plugin.manager             : instantiating plugin PluginSpec(localstack.hooks.on_infra_ready.extensions_on_infra_ready = <function extensions_on_infra_ready at 0x7f78c3f9aef0>)
2022-12-29T13:39:01.797 DEBUG --- [  MainThread] plugin.manager             : plugin localstack.hooks.on_infra_ready:extensions_on_infra_ready is disabled
2022-12-29T13:39:01.797 DEBUG --- [  MainThread] plugin.manager             : instantiating plugin PluginSpec(localstack.hooks.on_infra_ready.initialize_health_info = <function initialize_health_info at 0x7f78c3f9a290>)
2022-12-29T13:39:01.797 DEBUG --- [  MainThread] plugin.manager             : plugin localstack.hooks.on_infra_ready:initialize_health_info is disabled
2022-12-29T13:39:11.702 DEBUG --- [   asgi_gw_0] plugin.manager             : instantiating plugin PluginSpec(localstack.aws.provider.s3:default = <function s3 at 0x7f78a8b7b640>)
2022-12-29T13:39:11.702 DEBUG --- [   asgi_gw_0] plugin.manager             : loading plugin localstack.aws.provider:s3:default
2022-12-29T13:39:11.715  INFO --- [functhread12] l.services.motoserver      : starting moto server on http://0.0.0.0:41155
2022-12-29T13:39:11.719  INFO --- [   asgi_gw_0] localstack.services.infra  : Starting mock S3 service on http port 4566 ...
2022-12-29T13:39:12.354  INFO --- [   asgi_gw_0] localstack.utils.bootstrap : Execution of "require" took 652.10ms
2022-12-29T13:39:12.559  INFO --- [   asgi_gw_0] localstack.request.aws     : AWS s3.ListObjects => 404 (NoSuchBucket)
2022-12-29T13:39:21.111  INFO --- [   asgi_gw_0] localstack.request.aws     : AWS s3.CreateBucket => 200
2022-12-29T13:39:25.009  INFO --- [   asgi_gw_0] localstack.request.aws     : AWS s3.ListObjects => 200
2022-12-29T13:39:59.193  INFO --- [   asgi_gw_0] localstack.request.aws     : AWS s3.PutObject => 200
2022-12-29T13:39:59.230  INFO --- [   asgi_gw_0] localstack.request.aws     : AWS s3.PutObject => 200
2022-12-29T13:40:25.230  INFO --- [   asgi_gw_0] localstack.request.aws     : AWS s3.ListObjects => 200
2022-12-29T13:46:48.450  INFO --- [   asgi_gw_0] localstack.request.aws     : AWS s3.ListBuckets => 200
2022-12-29T13:53:18.075  INFO --- [   asgi_gw_0] localstack.request.aws     : AWS s3.ListObjectsV2 => 200
2022-12-29T13:55:51.321  INFO --- [   asgi_gw_0] localstack.request.aws     : AWS s3.PutObject => 200
2022-12-29T13:55:51.371  INFO --- [   asgi_gw_0] localstack.request.aws     : AWS s3.PutObject => 200
2022-12-29T13:56:11.385  INFO --- [   asgi_gw_0] localstack.request.aws     : AWS s3.ListObjectsV2 => 200
2022-12-29T14:13:40.273  INFO --- [   asgi_gw_0] localstack.request.aws     : AWS s3.ListObjectsV2 => 200
2022-12-29T14:14:19.148  INFO --- [   asgi_gw_0] localstack.request.aws     : AWS s3.ListObjectsV2 => 200
2022-12-29T14:15:33.266  INFO --- [   asgi_gw_0] localstack.request.aws     : AWS s3.ListObjectsV2 => 200
2022-12-29T14:15:33.361  INFO --- [   asgi_gw_0] localstack.request.aws     : AWS s3.GetObject => 200
2022-12-29T14:15:33.422  INFO --- [   asgi_gw_1] localstack.request.aws     : AWS s3.GetObject => 200
2022-12-29T14:15:33.429  INFO --- [   asgi_gw_2] localstack.request.aws     : AWS s3.GetObject => 200
2022-12-29T14:15:33.442  INFO --- [   asgi_gw_0] localstack.request.aws     : AWS s3.GetObject => 200
2022-12-29T14:15:45.628  INFO --- [   asgi_gw_2] localstack.request.aws     : AWS s3.PutObject => 200
2022-12-29T14:15:45.678  INFO --- [   asgi_gw_1] localstack.request.aws     : AWS s3.PutObject => 200
2022-12-29T15:13:08.629  WARN --- [   asgi_gw_2] localstack.aws.accounts    : Ignoring production AWS credentials provided to LocalStack. Falling back to default account ID.
2022-12-29T15:13:08.661  INFO --- [   asgi_gw_2] localstack.request.aws     : AWS s3.PutObject => 200
2022-12-29T15:13:08.693  WARN --- [   asgi_gw_3] localstack.aws.accounts    : Ignoring production AWS credentials provided to LocalStack. Falling back to default account ID.
2022-12-29T15:13:08.715  INFO --- [   asgi_gw_3] localstack.request.aws     : AWS s3.PutObject => 200
2022-12-29T15:30:32.417  WARN --- [   asgi_gw_0] localstack.aws.accounts    : Ignoring production AWS credentials provided to LocalStack. Falling back to default account ID.
2022-12-29T15:30:32.442  INFO --- [   asgi_gw_0] localstack.request.aws     : AWS s3.PutObject => 200
2022-12-29T15:30:32.469  WARN --- [   asgi_gw_3] localstack.aws.accounts    : Ignoring production AWS credentials provided to LocalStack. Falling back to default account ID.
2022-12-29T15:30:32.490  INFO --- [   asgi_gw_3] localstack.request.aws     : AWS s3.PutObject => 200
2022-12-29T16:38:14.758 DEBUG --- [  MainThread] localstack.services.infra  : [shutdown] signal received 15
2022-12-29T16:38:14.763 DEBUG --- [  MainThread] stevedore.extension        : found extension EntryPoint(name='_run_init_scripts_on_shutdown', value='localstack.runtime.init:_run_init_scripts_on_shutdown', group='localstack.hooks.on_infra_shutdown')
2022-12-29T16:38:14.764 DEBUG --- [  MainThread] stevedore.extension        : found extension EntryPoint(name='run_shutdown_handlers', value='localstack.runtime.shutdown:run_shutdown_handlers', group='localstack.hooks.on_infra_shutdown')
2022-12-29T16:38:14.764 DEBUG --- [  MainThread] plugin.manager             : instantiating plugin PluginSpec(localstack.hooks.on_infra_shutdown._run_init_scripts_on_shutdown = <function _run_init_scripts_on_shutdown at 0x7f78c3f71990>)
2022-12-29T16:38:14.765 DEBUG --- [  MainThread] plugin.manager             : loading plugin localstack.hooks.on_infra_shutdown:_run_init_scripts_on_shutdown
2022-12-29T16:38:14.765 DEBUG --- [  MainThread] plugin.manager             : instantiating plugin PluginSpec(localstack.hooks.on_infra_shutdown.run_shutdown_handlers = <function run_shutdown_handlers at 0x7f78a8ddbbe0>)
2022-12-29T16:38:14.765 DEBUG --- [  MainThread] plugin.manager             : loading plugin localstack.hooks.on_infra_shutdown:run_shutdown_handlers
2022-12-29T16:38:14.765 DEBUG --- [  MainThread] localstack.services.infra  : [shutdown] Cleaning up services ...
2022-12-29T16:38:14.766 DEBUG --- [  MainThread] localstack.services.infra  : [shutdown] Cleaning up resources ...
2022-12-29T16:38:14.766 DEBUG --- [  MainThread] localstack.utils.threads   : [shutdown] Done cleaning up threads / processes / tasks
2022-12-29T16:38:14.769 DEBUG --- [  MainThread] localstack.utils.run       : Executing command: rm -rf "/var/lib/localstack/tmp"
2022-12-29T16:38:14.779 DEBUG --- [  MainThread] localstack.services.infra  : [shutdown] Force shutdown, not waiting for infrastructure to shut down
